# JRE version: OpenJDK Runtime Environment Temurin-21.0.10+7 (21.0.10+7) (build 21.0.10+7-LTS)
# Java VM: OpenJDK 64-Bit Server VM Temurin-21.0.10+7 (21.0.10+7-LTS, mixed mode, sharing, tiered, compressed oops, compressed class ptrs, parallel gc, windows-amd64)
GC Precious Log:
 CardTable entry size: 512
 CPUs: 8 total, 8 available
 Memory: 16087M
 Large Page Support: Disabled
 NUMA Support: Disabled
 Compressed Oops: Enabled (32-bit)
 Alignments: Space 512K, Generation 512K, Heap 2M
 Heap Min Capacity: 100M
 Heap Initial Capacity: 100M
 Heap Max Capacity: 2G
 Pre-touch: Disabled
 Parallel Workers: 8
Heap:
 PSYoungGen      total 4096K, used 2228K [0x00000000d5580000, 0x00000000d5c00000, 0x0000000100000000)
  eden space 2560K, 28% used [0x00000000d5580000,0x00000000d5633ed0,0x00000000d5800000)
  from space 1536K, 98% used [0x00000000d5a80000,0x00000000d5bf9290,0x00000000d5c00000)
  to   space 2048K, 0% used [0x00000000d5800000,0x00000000d5800000,0x00000000d5a00000)
 ParOldGen       total 767488K, used 767362K [0x0000000080000000, 0x00000000aed80000, 0x00000000d5580000)
  object space 767488K, 99% used [0x0000000080000000,0x00000000aed60998,0x00000000aed80000)
 Metaspace       used 72794K, committed 74304K, reserved 1179648K
  class space    used 7650K, committed 8320K, reserved 1048576K
GC Heap History (20 events):
Event: 94.842 GC heap before
{Heap before GC invocations=1316 (full 3):
 PSYoungGen      total 3584K, used 3214K [0x00000000d5580000, 0x00000000d5b80000, 0x0000000100000000)
  eden space 1536K, 100% used [0x00000000d5580000,0x00000000d5700000,0x00000000d5700000)
  from space 2048K, 81% used [0x00000000d5900000,0x00000000d5aa3af0,0x00000000d5b00000)
  to   space 2048K, 0% used [0x00000000d5700000,0x00000000d5700000,0x00000000d5900000)
 ParOldGen       total 755200K, used 755185K [0x0000000080000000, 0x00000000ae180000, 0x00000000d5580000)
  object space 755200K, 99% used [0x0000000080000000,0x00000000ae17c530,0x00000000ae180000)
 Metaspace       used 72764K, committed 74304K, reserved 1179648K
  class space    used 7648K, committed 8320K, reserved 1048576K
}
Event: 94.844 GC heap after
{Heap after GC invocations=1316 (full 3):
 PSYoungGen      total 3584K, used 1586K [0x00000000d5580000, 0x00000000d5b80000, 0x0000000100000000)
  eden space 1536K, 0% used [0x00000000d5580000,0x00000000d5580000,0x00000000d5700000)
  from space 2048K, 77% used [0x00000000d5700000,0x00000000d588ca40,0x00000000d5900000)
  to   space 2048K, 0% used [0x00000000d5980000,0x00000000d5980000,0x00000000d5b80000)
 ParOldGen       total 756736K, used 756281K [0x0000000080000000, 0x00000000ae300000, 0x00000000d5580000)
  object space 756736K, 99% used [0x0000000080000000,0x00000000ae28e528,0x00000000ae300000)
 Metaspace       used 72764K, committed 74304K, reserved 1179648K
  class space    used 7648K, committed 8320K, reserved 1048576K
}
Event: 94.848 GC heap before
{Heap before GC invocations=1317 (full 3):
 PSYoungGen      total 3584K, used 3122K [0x00000000d5580000, 0x00000000d5b80000, 0x0000000100000000)
  eden space 1536K, 100% used [0x00000000d5580000,0x00000000d5700000,0x00000000d5700000)
  from space 2048K, 77% used [0x00000000d5700000,0x00000000d588ca40,0x00000000d5900000)
  to   space 2048K, 0% used [0x00000000d5980000,0x00000000d5980000,0x00000000d5b80000)
 ParOldGen       total 756736K, used 756281K [0x0000000080000000, 0x00000000ae300000, 0x00000000d5580000)
  object space 756736K, 99% used [0x0000000080000000,0x00000000ae28e528,0x00000000ae300000)
 Metaspace       used 72769K, committed 74304K, reserved 1179648K
  class space    used 7648K, committed 8320K, reserved 1048576K
}
Event: 94.850 GC heap after
{Heap after GC invocations=1317 (full 3):
 PSYoungGen      total 4096K, used 1602K [0x00000000d5580000, 0x00000000d5b80000, 0x0000000100000000)
  eden space 2048K, 0% used [0x00000000d5580000,0x00000000d5580000,0x00000000d5780000)
  from space 2048K, 78% used [0x00000000d5980000,0x00000000d5b10ad8,0x00000000d5b80000)
  to   space 2048K, 0% used [0x00000000d5780000,0x00000000d5780000,0x00000000d5980000)
 ParOldGen       total 756736K, used 756353K [0x0000000080000000, 0x00000000ae300000, 0x00000000d5580000)
  object space 756736K, 99% used [0x0000000080000000,0x00000000ae2a0528,0x00000000ae300000)
 Metaspace       used 72769K, committed 74304K, reserved 1179648K
  class space    used 7648K, committed 8320K, reserved 1048576K
}
Event: 94.855 GC heap before
{Heap before GC invocations=1318 (full 3):
 PSYoungGen      total 4096K, used 3650K [0x00000000d5580000, 0x00000000d5b80000, 0x0000000100000000)
  eden space 2048K, 100% used [0x00000000d5580000,0x00000000d5780000,0x00000000d5780000)
  from space 2048K, 78% used [0x00000000d5980000,0x00000000d5b10ad8,0x00000000d5b80000)
  to   space 2048K, 0% used [0x00000000d5780000,0x00000000d5780000,0x00000000d5980000)
 ParOldGen       total 756736K, used 756353K [0x0000000080000000, 0x00000000ae300000, 0x00000000d5580000)
  object space 756736K, 99% used [0x0000000080000000,0x00000000ae2a0528,0x00000000ae300000)
 Metaspace       used 72769K, committed 74304K, reserved 1179648K
  class space    used 7648K, committed 8320K, reserved 1048576K
}
Event: 94.858 GC heap after
{Heap after GC invocations=1318 (full 3):
 PSYoungGen      total 4096K, used 2048K [0x00000000d5580000, 0x00000000d6000000, 0x0000000100000000)
  eden space 2048K, 0% used [0x00000000d5580000,0x00000000d5580000,0x00000000d5780000)
  from space 2048K, 100% used [0x00000000d5780000,0x00000000d5980000,0x00000000d5980000)
  to   space 4096K, 0% used [0x00000000d5c00000,0x00000000d5c00000,0x00000000d6000000)
 ParOldGen       total 758272K, used 757924K [0x0000000080000000, 0x00000000ae480000, 0x00000000d5580000)
  object space 758272K, 99% used [0x0000000080000000,0x00000000ae429000,0x00000000ae480000)
 Metaspace       used 72769K, committed 74304K, reserved 1179648K
  class space    used 7648K, committed 8320K, reserved 1048576K
}
Event: 94.861 GC heap before
{Heap before GC invocations=1319 (full 3):
 PSYoungGen      total 4096K, used 4096K [0x00000000d5580000, 0x00000000d6000000, 0x0000000100000000)
  eden space 2048K, 100% used [0x00000000d5580000,0x00000000d5780000,0x00000000d5780000)
  from space 2048K, 100% used [0x00000000d5780000,0x00000000d5980000,0x00000000d5980000)
  to   space 4096K, 0% used [0x00000000d5c00000,0x00000000d5c00000,0x00000000d6000000)
 ParOldGen       total 758272K, used 757924K [0x0000000080000000, 0x00000000ae480000, 0x00000000d5580000)
  object space 758272K, 99% used [0x0000000080000000,0x00000000ae429000,0x00000000ae480000)
 Metaspace       used 72769K, committed 74304K, reserved 1179648K
  class space    used 7648K, committed 8320K, reserved 1048576K
}
Event: 94.865 GC heap after
{Heap after GC invocations=1319 (full 3):
 PSYoungGen      total 5120K, used 2153K [0x00000000d5580000, 0x00000000d5e80000, 0x0000000100000000)
  eden space 2560K, 0% used [0x00000000d5580000,0x00000000d5580000,0x00000000d5800000)
  from space 2560K, 84% used [0x00000000d5c00000,0x00000000d5e1a5c8,0x00000000d5e80000)
  to   space 3072K, 0% used [0x00000000d5880000,0x00000000d5880000,0x00000000d5b80000)
 ParOldGen       total 760320K, used 759964K [0x0000000080000000, 0x00000000ae680000, 0x00000000d5580000)
  object space 760320K, 99% used [0x0000000080000000,0x00000000ae627000,0x00000000ae680000)
 Metaspace       used 72769K, committed 74304K, reserved 1179648K
  class space    used 7648K, committed 8320K, reserved 1048576K
}
Event: 94.888 GC heap before
{Heap before GC invocations=1320 (full 3):
 PSYoungGen      total 5120K, used 4713K [0x00000000d5580000, 0x00000000d5e80000, 0x0000000100000000)
  eden space 2560K, 100% used [0x00000000d5580000,0x00000000d5800000,0x00000000d5800000)
  from space 2560K, 84% used [0x00000000d5c00000,0x00000000d5e1a5c8,0x00000000d5e80000)
  to   space 3072K, 0% used [0x00000000d5880000,0x00000000d5880000,0x00000000d5b80000)
 ParOldGen       total 760320K, used 759964K [0x0000000080000000, 0x00000000ae680000, 0x00000000d5580000)
  object space 760320K, 99% used [0x0000000080000000,0x00000000ae627000,0x00000000ae680000)
 Metaspace       used 72782K, committed 74304K, reserved 1179648K
  class space    used 7650K, committed 8320K, reserved 1048576K
}
Event: 94.891 GC heap after
{Heap after GC invocations=1320 (full 3):
 PSYoungGen      total 4608K, used 1452K [0x00000000d5580000, 0x00000000d5c80000, 0x0000000100000000)
  eden space 3072K, 0% used [0x00000000d5580000,0x00000000d5580000,0x00000000d5880000)
  from space 1536K, 94% used [0x00000000d5880000,0x00000000d59eb378,0x00000000d5a00000)
  to   space 2048K, 0% used [0x00000000d5a80000,0x00000000d5a80000,0x00000000d5c80000)
 ParOldGen       total 760832K, used 760765K [0x0000000080000000, 0x00000000ae700000, 0x00000000d5580000)
  object space 760832K, 99% used [0x0000000080000000,0x00000000ae6ef6a8,0x00000000ae700000)
 Metaspace       used 72782K, committed 74304K, reserved 1179648K
  class space    used 7650K, committed 8320K, reserved 1048576K
}
Event: 95.000 GC heap before
{Heap before GC invocations=1321 (full 3):
 PSYoungGen      total 4608K, used 4524K [0x00000000d5580000, 0x00000000d5c80000, 0x0000000100000000)
  eden space 3072K, 100% used [0x00000000d5580000,0x00000000d5880000,0x00000000d5880000)
  from space 1536K, 94% used [0x00000000d5880000,0x00000000d59eb378,0x00000000d5a00000)
  to   space 2048K, 0% used [0x00000000d5a80000,0x00000000d5a80000,0x00000000d5c80000)
 ParOldGen       total 760832K, used 760765K [0x0000000080000000, 0x00000000ae700000, 0x00000000d5580000)
  object space 760832K, 99% used [0x0000000080000000,0x00000000ae6ef6a8,0x00000000ae700000)
 Metaspace       used 72793K, committed 74304K, reserved 1179648K
  class space    used 7650K, committed 8320K, reserved 1048576K
}
Event: 95.008 GC heap after
{Heap after GC invocations=1321 (full 3):
 PSYoungGen      total 5632K, used 1376K [0x00000000d5580000, 0x00000000d5c80000, 0x0000000100000000)
  eden space 3584K, 0% used [0x00000000d5580000,0x00000000d5580000,0x00000000d5900000)
  from space 2048K, 67% used [0x00000000d5a80000,0x00000000d5bd8010,0x00000000d5c80000)
  to   space 1536K, 0% used [0x00000000d5900000,0x00000000d5900000,0x00000000d5a80000)
 ParOldGen       total 762368K, used 761898K [0x0000000080000000, 0x00000000ae880000, 0x00000000d5580000)
  object space 762368K, 99% used [0x0000000080000000,0x00000000ae80aa18,0x00000000ae880000)
 Metaspace       used 72793K, committed 74304K, reserved 1179648K
  class space    used 7650K, committed 8320K, reserved 1048576K
}
Event: 95.234 GC heap before
{Heap before GC invocations=1322 (full 3):
 PSYoungGen      total 5632K, used 4960K [0x00000000d5580000, 0x00000000d5c80000, 0x0000000100000000)
  eden space 3584K, 100% used [0x00000000d5580000,0x00000000d5900000,0x00000000d5900000)
  from space 2048K, 67% used [0x00000000d5a80000,0x00000000d5bd8010,0x00000000d5c80000)
  to   space 1536K, 0% used [0x00000000d5900000,0x00000000d5900000,0x00000000d5a80000)
 ParOldGen       total 762368K, used 761898K [0x0000000080000000, 0x00000000ae880000, 0x00000000d5580000)
  object space 762368K, 99% used [0x0000000080000000,0x00000000ae80aa18,0x00000000ae880000)
 Metaspace       used 72794K, committed 74304K, reserved 1179648K
  class space    used 7650K, committed 8320K, reserved 1048576K
}
Event: 95.237 GC heap after
{Heap after GC invocations=1322 (full 3):
 PSYoungGen      total 5120K, used 1412K [0x00000000d5580000, 0x00000000d5c00000, 0x0000000100000000)
  eden space 3584K, 0% used [0x00000000d5580000,0x00000000d5580000,0x00000000d5900000)
  from space 1536K, 91% used [0x00000000d5900000,0x00000000d5a61008,0x00000000d5a80000)
  to   space 1536K, 0% used [0x00000000d5a80000,0x00000000d5a80000,0x00000000d5c00000)
 ParOldGen       total 763392K, used 763111K [0x0000000080000000, 0x00000000ae980000, 0x00000000d5580000)
  object space 763392K, 99% used [0x0000000080000000,0x00000000ae939c38,0x00000000ae980000)
 Metaspace       used 72794K, committed 74304K, reserved 1179648K
  class space    used 7650K, committed 8320K, reserved 1048576K
}
Event: 95.304 GC heap before
{Heap before GC invocations=1323 (full 3):
 PSYoungGen      total 5120K, used 4996K [0x00000000d5580000, 0x00000000d5c00000, 0x0000000100000000)
  eden space 3584K, 100% used [0x00000000d5580000,0x00000000d5900000,0x00000000d5900000)
  from space 1536K, 91% used [0x00000000d5900000,0x00000000d5a61008,0x00000000d5a80000)
  to   space 1536K, 0% used [0x00000000d5a80000,0x00000000d5a80000,0x00000000d5c00000)
 ParOldGen       total 763392K, used 763111K [0x0000000080000000, 0x00000000ae980000, 0x00000000d5580000)
  object space 763392K, 99% used [0x0000000080000000,0x00000000ae939c38,0x00000000ae980000)
 Metaspace       used 72794K, committed 74304K, reserved 1179648K
  class space    used 7650K, committed 8320K, reserved 1048576K
}
Event: 95.308 GC heap after
{Heap after GC invocations=1323 (full 3):
 PSYoungGen      total 3584K, used 1529K [0x00000000d5580000, 0x00000000d5f00000, 0x0000000100000000)
  eden space 2048K, 0% used [0x00000000d5580000,0x00000000d5580000,0x00000000d5780000)
  from space 1536K, 99% used [0x00000000d5a80000,0x00000000d5bfe448,0x00000000d5c00000)
  to   space 3072K, 0% used [0x00000000d5780000,0x00000000d5780000,0x00000000d5a80000)
 ParOldGen       total 764416K, used 764393K [0x0000000080000000, 0x00000000aea80000, 0x00000000d5580000)
  object space 764416K, 99% used [0x0000000080000000,0x00000000aea7a7c0,0x00000000aea80000)
 Metaspace       used 72794K, committed 74304K, reserved 1179648K
  class space    used 7650K, committed 8320K, reserved 1048576K
}
Event: 95.312 GC heap before
{Heap before GC invocations=1324 (full 3):
 PSYoungGen      total 3584K, used 3577K [0x00000000d5580000, 0x00000000d5f00000, 0x0000000100000000)
  eden space 2048K, 100% used [0x00000000d5580000,0x00000000d5780000,0x00000000d5780000)
  from space 1536K, 99% used [0x00000000d5a80000,0x00000000d5bfe448,0x00000000d5c00000)
  to   space 3072K, 0% used [0x00000000d5780000,0x00000000d5780000,0x00000000d5a80000)
 ParOldGen       total 764416K, used 764393K [0x0000000080000000, 0x00000000aea80000, 0x00000000d5580000)
  object space 764416K, 99% used [0x0000000080000000,0x00000000aea7a7c0,0x00000000aea80000)
 Metaspace       used 72794K, committed 74304K, reserved 1179648K
  class space    used 7650K, committed 8320K, reserved 1048576K
}
Event: 95.317 GC heap after
{Heap after GC invocations=1324 (full 3):
 PSYoungGen      total 5120K, used 2052K [0x00000000d5580000, 0x00000000d5d00000, 0x0000000100000000)
  eden space 2048K, 0% used [0x00000000d5580000,0x00000000d5580000,0x00000000d5780000)
  from space 3072K, 66% used [0x00000000d5780000,0x00000000d5981030,0x00000000d5a80000)
  to   space 2560K, 0% used [0x00000000d5a80000,0x00000000d5a80000,0x00000000d5d00000)
 ParOldGen       total 765952K, used 765886K [0x0000000080000000, 0x00000000aec00000, 0x00000000d5580000)
  object space 765952K, 99% used [0x0000000080000000,0x00000000aebef8a8,0x00000000aec00000)
 Metaspace       used 72794K, committed 74304K, reserved 1179648K
  class space    used 7650K, committed 8320K, reserved 1048576K
}
Event: 95.336 GC heap before
{Heap before GC invocations=1325 (full 3):
 PSYoungGen      total 5120K, used 4088K [0x00000000d5580000, 0x00000000d5d00000, 0x0000000100000000)
  eden space 2048K, 99% used [0x00000000d5580000,0x00000000d577d060,0x00000000d5780000)
  from space 3072K, 66% used [0x00000000d5780000,0x00000000d5981030,0x00000000d5a80000)
  to   space 2560K, 0% used [0x00000000d5a80000,0x00000000d5a80000,0x00000000d5d00000)
 ParOldGen       total 765952K, used 765886K [0x0000000080000000, 0x00000000aec00000, 0x00000000d5580000)
  object space 765952K, 99% used [0x0000000080000000,0x00000000aebef8a8,0x00000000aec00000)
 Metaspace       used 72794K, committed 74304K, reserved 1179648K
  class space    used 7650K, committed 8320K, reserved 1048576K
}
Event: 95.343 GC heap after
{Heap after GC invocations=1325 (full 3):
 PSYoungGen      total 4096K, used 1508K [0x00000000d5580000, 0x00000000d5c00000, 0x0000000100000000)
  eden space 2560K, 0% used [0x00000000d5580000,0x00000000d5580000,0x00000000d5800000)
  from space 1536K, 98% used [0x00000000d5a80000,0x00000000d5bf9290,0x00000000d5c00000)
  to   space 2048K, 0% used [0x00000000d5800000,0x00000000d5800000,0x00000000d5a00000)
 ParOldGen       total 767488K, used 767362K [0x0000000080000000, 0x00000000aed80000, 0x00000000d5580000)
  object space 767488K, 99% used [0x0000000080000000,0x00000000aed60998,0x00000000aed80000)
 Metaspace       used 72794K, committed 74304K, reserved 1179648K
  class space    used 7650K, committed 8320K, reserved 1048576K
}

